-------------------------------------------------------------------------------
Test set: com.ys.qa.tests.RegisterPageTest
-------------------------------------------------------------------------------
Tests run: 2, Failures: 1, Errors: 0, Skipped: 0, Time elapsed: 23.497 sec <<< FAILURE!
validRegisterTest(com.ys.qa.tests.RegisterPageTest)  Time elapsed: 3.136 sec  <<< FAILURE!
java.lang.AssertionError: both texts are equal expected [Your Account Has Been Created!] but found [Register Account]
	at org.testng.Assert.fail(Assert.java:99)
	at org.testng.Assert.failNotEquals(Assert.java:1037)
	at org.testng.Assert.assertEqualsImpl(Assert.java:140)
	at org.testng.Assert.assertEquals(Assert.java:122)
	at org.testng.Assert.assertEquals(Assert.java:629)
	at com.ys.qa.pages.RegisterPageActions.validRegisterNewAccount(RegisterPageActions.java:99)
	at com.ys.qa.tests.RegisterPageTest.validRegisterTest(RegisterPageTest.java:29)

