<?xml version="1.0" encoding="UTF-8"?>
<testng-results skipped="0" failed="1" ignored="0" total="2" passed="1">
  <reporter-output>
  </reporter-output>
  <suite name="com.ys.qa.tests.RegisterPageTest" duration-ms="21879" started-at="2021-07-07T23:39:18 IST" finished-at="2021-07-07T23:39:40 IST">
    <groups>
    </groups>
    <test name="Command line test" duration-ms="21879" started-at="2021-07-07T23:39:18 IST" finished-at="2021-07-07T23:39:40 IST">
      <class name="com.ys.qa.tests.RegisterPageTest">
        <test-method status="PASS" signature="setup()[pri:0, instance:com.ys.qa.tests.RegisterPageTest@614ddd49]" name="setup" is-config="true" duration-ms="7284" started-at="2021-07-07T23:39:18 IST" finished-at="2021-07-07T23:39:25 IST">
          <reporter-output>
          </reporter-output>
        </test-method> <!-- setup -->
        <test-method status="PASS" signature="invalidRegisterTest()[pri:1, instance:com.ys.qa.tests.RegisterPageTest@614ddd49]" name="invalidRegisterTest" duration-ms="5069" started-at="2021-07-07T23:39:25 IST" finished-at="2021-07-07T23:39:30 IST">
          <reporter-output>
          </reporter-output>
        </test-method> <!-- invalidRegisterTest -->
        <test-method status="PASS" signature="teardown()[pri:0, instance:com.ys.qa.tests.RegisterPageTest@614ddd49]" name="teardown" is-config="true" duration-ms="1405" started-at="2021-07-07T23:39:30 IST" finished-at="2021-07-07T23:39:32 IST">
          <reporter-output>
          </reporter-output>
        </test-method> <!-- teardown -->
        <test-method status="PASS" signature="setup()[pri:0, instance:com.ys.qa.tests.RegisterPageTest@614ddd49]" name="setup" is-config="true" duration-ms="3500" started-at="2021-07-07T23:39:32 IST" finished-at="2021-07-07T23:39:35 IST">
          <reporter-output>
          </reporter-output>
        </test-method> <!-- setup -->
        <test-method status="FAIL" signature="validRegisterTest()[pri:2, instance:com.ys.qa.tests.RegisterPageTest@614ddd49]" name="validRegisterTest" duration-ms="3128" started-at="2021-07-07T23:39:35 IST" finished-at="2021-07-07T23:39:39 IST">
          <exception class="java.lang.AssertionError">
            <message>
              <![CDATA[both texts are equal expected [Your Account Has Been Created!] but found [Register Account]]]>
            </message>
            <full-stacktrace>
              <![CDATA[java.lang.AssertionError: both texts are equal expected [Your Account Has Been Created!] but found [Register Account]
at org.testng.Assert.fail(Assert.java:99)
at org.testng.Assert.failNotEquals(Assert.java:1037)
at org.testng.Assert.assertEqualsImpl(Assert.java:140)
at org.testng.Assert.assertEquals(Assert.java:122)
at org.testng.Assert.assertEquals(Assert.java:629)
at com.ys.qa.pages.RegisterPageActions.validRegisterNewAccount(RegisterPageActions.java:99)
at com.ys.qa.tests.RegisterPageTest.validRegisterTest(RegisterPageTest.java:29)
at sun.reflect.NativeMethodAccessorImpl.invoke0(Native Method)
at sun.reflect.NativeMethodAccessorImpl.invoke(NativeMethodAccessorImpl.java:62)
at sun.reflect.DelegatingMethodAccessorImpl.invoke(DelegatingMethodAccessorImpl.java:43)
at java.lang.reflect.Method.invoke(Method.java:498)
at org.testng.internal.MethodInvocationHelper.invokeMethod(MethodInvocationHelper.java:133)
at org.testng.internal.TestInvoker.invokeMethod(TestInvoker.java:598)
at org.testng.internal.TestInvoker.invokeTestMethod(TestInvoker.java:173)
at org.testng.internal.MethodRunner.runInSequence(MethodRunner.java:46)
at org.testng.internal.TestInvoker$MethodInvocationAgent.invoke(TestInvoker.java:824)
at org.testng.internal.TestInvoker.invokeTestMethods(TestInvoker.java:146)
at org.testng.internal.TestMethodWorker.invokeTestMethods(TestMethodWorker.java:146)
at org.testng.internal.TestMethodWorker.run(TestMethodWorker.java:128)
at java.util.ArrayList.forEach(ArrayList.java:1257)
at org.testng.TestRunner.privateRun(TestRunner.java:794)
at org.testng.TestRunner.run(TestRunner.java:596)
at org.testng.SuiteRunner.runTest(SuiteRunner.java:377)
at org.testng.SuiteRunner.runSequentially(SuiteRunner.java:371)
at org.testng.SuiteRunner.privateRun(SuiteRunner.java:332)
at org.testng.SuiteRunner.run(SuiteRunner.java:276)
at org.testng.SuiteRunnerWorker.runSuite(SuiteRunnerWorker.java:53)
at org.testng.SuiteRunnerWorker.run(SuiteRunnerWorker.java:96)
at org.testng.TestNG.runSuitesSequentially(TestNG.java:1212)
at org.testng.TestNG.runSuitesLocally(TestNG.java:1134)
at org.testng.TestNG.runSuites(TestNG.java:1063)
at org.testng.TestNG.run(TestNG.java:1031)
at org.apache.maven.surefire.testng.TestNGExecutor.run(TestNGExecutor.java:77)
at org.apache.maven.surefire.testng.TestNGDirectoryTestSuite.execute(TestNGDirectoryTestSuite.java:110)
at org.apache.maven.surefire.testng.TestNGProvider.invoke(TestNGProvider.java:106)
at sun.reflect.NativeMethodAccessorImpl.invoke0(Native Method)
at sun.reflect.NativeMethodAccessorImpl.invoke(NativeMethodAccessorImpl.java:62)
at sun.reflect.DelegatingMethodAccessorImpl.invoke(DelegatingMethodAccessorImpl.java:43)
at java.lang.reflect.Method.invoke(Method.java:498)
at org.apache.maven.surefire.util.ReflectionUtils.invokeMethodWithArray(ReflectionUtils.java:189)
at org.apache.maven.surefire.booter.ProviderFactory$ProviderProxy.invoke(ProviderFactory.java:165)
at org.apache.maven.surefire.booter.ProviderFactory.invokeProvider(ProviderFactory.java:85)
at org.apache.maven.surefire.booter.ForkedBooter.runSuitesInProcess(ForkedBooter.java:115)
at org.apache.maven.surefire.booter.ForkedBooter.main(ForkedBooter.java:75)
]]>
            </full-stacktrace>
          </exception> <!-- java.lang.AssertionError -->
          <reporter-output>
          </reporter-output>
        </test-method> <!-- validRegisterTest -->
        <test-method status="PASS" signature="teardown()[pri:0, instance:com.ys.qa.tests.RegisterPageTest@614ddd49]" name="teardown" is-config="true" duration-ms="1369" started-at="2021-07-07T23:39:39 IST" finished-at="2021-07-07T23:39:40 IST">
          <reporter-output>
          </reporter-output>
        </test-method> <!-- teardown -->
      </class> <!-- com.ys.qa.tests.RegisterPageTest -->
    </test> <!-- Command line test -->
  </suite> <!-- com.ys.qa.tests.RegisterPageTest -->
</testng-results>
