<?xml version="1.0" encoding="UTF-8"?>
<testng-results skipped="0" failed="1" ignored="0" total="2" passed="1">
  <reporter-output>
  </reporter-output>
  <suite name="Default suite" duration-ms="50342" started-at="2021-06-30T16:37:49Z" finished-at="2021-06-30T16:38:39Z">
    <groups>
    </groups>
    <test name="Default test" duration-ms="50342" started-at="2021-06-30T16:37:49Z" finished-at="2021-06-30T16:38:39Z">
      <class name="com.ys.qa.tests.RegisterPageTest">
        <test-method status="PASS" signature="setup()[pri:0, instance:com.ys.qa.tests.RegisterPageTest@5ce81285]" name="setup" is-config="true" duration-ms="36793" started-at="2021-06-30T22:07:49Z" finished-at="2021-06-30T22:08:25Z">
          <reporter-output>
          </reporter-output>
        </test-method> <!-- setup -->
        <test-method status="FAIL" signature="invalidRegisterTest()[pri:1, instance:com.ys.qa.tests.RegisterPageTest@5ce81285]" name="invalidRegisterTest" duration-ms="4091" started-at="2021-06-30T22:08:25Z" finished-at="2021-06-30T22:08:30Z">
          <exception class="java.lang.AssertionError">
            <message>
              <![CDATA[both texts are equal expected [ Warning: E-Mail Address is already registered!] but found [Warning: E-Mail Address is already registered!]]]>
            </message>
            <full-stacktrace>
              <![CDATA[java.lang.AssertionError: both texts are equal expected [ Warning: E-Mail Address is already registered!] but found [Warning: E-Mail Address is already registered!]
	at org.testng.Assert.fail(Assert.java:93)
	at org.testng.Assert.failNotEquals(Assert.java:512)
	at org.testng.Assert.assertEqualsImpl(Assert.java:134)
	at org.testng.Assert.assertEquals(Assert.java:115)
	at org.testng.Assert.assertEquals(Assert.java:189)
	at com.ys.qa.pages.RegisterPageActions.duplicateEmail(RegisterPageActions.java:77)
	at com.ys.qa.tests.RegisterPageTest.invalidRegisterTest(RegisterPageTest.java:23)
	at sun.reflect.NativeMethodAccessorImpl.invoke0(Native Method)
	at sun.reflect.NativeMethodAccessorImpl.invoke(NativeMethodAccessorImpl.java:62)
	at sun.reflect.DelegatingMethodAccessorImpl.invoke(DelegatingMethodAccessorImpl.java:43)
	at java.lang.reflect.Method.invoke(Method.java:498)
	at org.testng.internal.MethodInvocationHelper.invokeMethod(MethodInvocationHelper.java:108)
	at org.testng.internal.Invoker.invokeMethod(Invoker.java:661)
	at org.testng.internal.Invoker.invokeTestMethod(Invoker.java:869)
	at org.testng.internal.Invoker.invokeTestMethods(Invoker.java:1193)
	at org.testng.internal.TestMethodWorker.invokeTestMethods(TestMethodWorker.java:126)
	at org.testng.internal.TestMethodWorker.run(TestMethodWorker.java:109)
	at org.testng.TestRunner.privateRun(TestRunner.java:744)
	at org.testng.TestRunner.run(TestRunner.java:602)
	at org.testng.SuiteRunner.runTest(SuiteRunner.java:380)
	at org.testng.SuiteRunner.runSequentially(SuiteRunner.java:375)
	at org.testng.SuiteRunner.privateRun(SuiteRunner.java:340)
	at org.testng.SuiteRunner.run(SuiteRunner.java:289)
	at org.testng.SuiteRunnerWorker.runSuite(SuiteRunnerWorker.java:52)
	at org.testng.SuiteRunnerWorker.run(SuiteRunnerWorker.java:86)
	at org.testng.TestNG.runSuitesSequentially(TestNG.java:1301)
	at org.testng.TestNG.runSuitesLocally(TestNG.java:1226)
	at org.testng.TestNG.runSuites(TestNG.java:1144)
	at org.testng.TestNG.run(TestNG.java:1115)
	at org.testng.remote.AbstractRemoteTestNG.run(AbstractRemoteTestNG.java:132)
	at org.testng.remote.RemoteTestNG.initAndRun(RemoteTestNG.java:230)
	at org.testng.remote.RemoteTestNG.main(RemoteTestNG.java:76)
]]>
            </full-stacktrace>
          </exception> <!-- java.lang.AssertionError -->
          <reporter-output>
          </reporter-output>
        </test-method> <!-- invalidRegisterTest -->
        <test-method status="PASS" signature="teardown()[pri:0, instance:com.ys.qa.tests.RegisterPageTest@5ce81285]" name="teardown" is-config="true" duration-ms="1001" started-at="2021-06-30T22:08:30Z" finished-at="2021-06-30T22:08:31Z">
          <reporter-output>
          </reporter-output>
        </test-method> <!-- teardown -->
        <test-method status="PASS" signature="setup()[pri:0, instance:com.ys.qa.tests.RegisterPageTest@5ce81285]" name="setup" is-config="true" duration-ms="4274" started-at="2021-06-30T22:08:31Z" finished-at="2021-06-30T22:08:35Z">
          <reporter-output>
          </reporter-output>
        </test-method> <!-- setup -->
        <test-method status="PASS" signature="validRegisterTest()[pri:2, instance:com.ys.qa.tests.RegisterPageTest@5ce81285]" name="validRegisterTest" duration-ms="2702" started-at="2021-06-30T22:08:35Z" finished-at="2021-06-30T22:08:38Z">
          <reporter-output>
          </reporter-output>
        </test-method> <!-- validRegisterTest -->
        <test-method status="PASS" signature="teardown()[pri:0, instance:com.ys.qa.tests.RegisterPageTest@5ce81285]" name="teardown" is-config="true" duration-ms="1431" started-at="2021-06-30T22:08:38Z" finished-at="2021-06-30T22:08:39Z">
          <reporter-output>
          </reporter-output>
        </test-method> <!-- teardown -->
      </class> <!-- com.ys.qa.tests.RegisterPageTest -->
    </test> <!-- Default test -->
  </suite> <!-- Default suite -->
</testng-results>
